{"uuid":"db7df56d-2a8e-46d8-9a33-4a5357fcd28e","historyId":"ac1f8ff2d9478c3f19425f50af13259f","fullName":"com.bugraptors.base.TestBaseClass.loadData","labels":[{"name":"package","value":"com.bugraptors.tests.HomeTest"},{"name":"testClass","value":"com.bugraptors.tests.HomeTest"},{"name":"testMethod","value":"loadData"},{"name":"parentSuite","value":"Default Suite"},{"name":"suite","value":"filpkart"},{"name":"subSuite","value":"com.bugraptors.tests.HomeTest"},{"name":"host","value":"DESKTOP-GN1LMTG"},{"name":"thread","value":"5028@DESKTOP-GN1LMTG.main(1)"},{"name":"framework","value":"testng"},{"name":"language","value":"java"},{"name":"AS_ID","value":"-1"}],"links":[],"name":"loadData","status":"broken","statusDetails":{"known":false,"muted":false,"flaky":false,"message":"java.io.FileNotFoundException: src\\test\\resources\\QA.properties (The system cannot find the path specified)","trace":"java.lang.RuntimeException: java.io.FileNotFoundException: src\\test\\resources\\QA.properties (The system cannot find the path specified)\r\n\tat com.bugraptors.base.TestBaseClass.loadPropertiesFile(TestBaseClass.java:62)\r\n\tat com.bugraptors.base.TestBaseClass.loadData(TestBaseClass.java:38)\r\n\tat sun.reflect.NativeMethodAccessorImpl.invoke0(Native Method)\r\n\tat sun.reflect.NativeMethodAccessorImpl.invoke(NativeMethodAccessorImpl.java:62)\r\n\tat sun.reflect.DelegatingMethodAccessorImpl.invoke(DelegatingMethodAccessorImpl.java:43)\r\n\tat java.lang.reflect.Method.invoke(Method.java:498)\r\n\tat org.testng.internal.MethodInvocationHelper.invokeMethod(MethodInvocationHelper.java:124)\r\n\tat org.testng.internal.MethodInvocationHelper.invokeMethodConsideringTimeout(MethodInvocationHelper.java:59)\r\n\tat org.testng.internal.Invoker.invokeConfigurationMethod(Invoker.java:458)\r\n\tat org.testng.internal.Invoker.invokeConfigurations(Invoker.java:222)\r\n\tat org.testng.internal.Invoker.invokeConfigurations(Invoker.java:142)\r\n\tat org.testng.internal.TestMethodWorker.invokeBeforeClassMethods(TestMethodWorker.java:168)\r\n\tat org.testng.internal.TestMethodWorker.run(TestMethodWorker.java:105)\r\n\tat org.testng.TestRunner.privateRun(TestRunner.java:648)\r\n\tat org.testng.TestRunner.run(TestRunner.java:505)\r\n\tat org.testng.SuiteRunner.runTest(SuiteRunner.java:455)\r\n\tat org.testng.SuiteRunner.runSequentially(SuiteRunner.java:450)\r\n\tat org.testng.SuiteRunner.privateRun(SuiteRunner.java:415)\r\n\tat org.testng.SuiteRunner.run(SuiteRunner.java:364)\r\n\tat org.testng.SuiteRunnerWorker.runSuite(SuiteRunnerWorker.java:52)\r\n\tat org.testng.SuiteRunnerWorker.run(SuiteRunnerWorker.java:84)\r\n\tat org.testng.TestNG.runSuitesSequentially(TestNG.java:1208)\r\n\tat org.testng.TestNG.runSuitesLocally(TestNG.java:1137)\r\n\tat org.testng.TestNG.runSuites(TestNG.java:1049)\r\n\tat org.testng.TestNG.run(TestNG.java:1017)\r\n\tat com.intellij.rt.testng.IDEARemoteTestNG.run(IDEARemoteTestNG.java:66)\r\n\tat com.intellij.rt.testng.RemoteTestNGStarter.main(RemoteTestNGStarter.java:109)\r\nCaused by: java.io.FileNotFoundException: src\\test\\resources\\QA.properties (The system cannot find the path specified)\r\n\tat java.io.FileInputStream.open0(Native Method)\r\n\tat java.io.FileInputStream.open(FileInputStream.java:195)\r\n\tat java.io.FileInputStream.<init>(FileInputStream.java:138)\r\n\tat java.io.FileInputStream.<init>(FileInputStream.java:93)\r\n\tat java.io.FileReader.<init>(FileReader.java:58)\r\n\tat com.bugraptors.base.TestBaseClass.loadPropertiesFile(TestBaseClass.java:57)\r\n\t... 26 more\r\n"},"stage":"finished","steps":[],"attachments":[],"parameters":[],"start":1677054250818,"stop":1677054250824}